{"C:\\Users\\DAW_M\\Documents\\ProyectoDespliegue - copia\\app.js": {"path":"C:\\Users\\DAW_M\\Documents\\ProyectoDespliegue - copia\\app.js","statementMap":{"0":{"start":{"line":1,"column":16},"end":{"line":1,"column":34}},"1":{"start":{"line":2,"column":12},"end":{"line":2,"column":28}},"2":{"start":{"line":3,"column":13},"end":{"line":3,"column":28}},"3":{"start":{"line":4,"column":0},"end":{"line":4,"column":27}},"4":{"start":{"line":6,"column":12},"end":{"line":6,"column":21}},"5":{"start":{"line":7,"column":13},"end":{"line":7,"column":37}},"6":{"start":{"line":10,"column":17},"end":{"line":24,"column":1}},"7":{"start":{"line":29,"column":4},"end":{"line":38,"column":5}},"8":{"start":{"line":30,"column":8},"end":{"line":34,"column":9}},"9":{"start":{"line":31,"column":12},"end":{"line":31,"column":59}},"10":{"start":{"line":32,"column":12},"end":{"line":32,"column":40}},"11":{"start":{"line":33,"column":12},"end":{"line":33,"column":69}},"12":{"start":{"line":35,"column":8},"end":{"line":35,"column":27}},"13":{"start":{"line":37,"column":8},"end":{"line":37,"column":68}},"14":{"start":{"line":42,"column":0},"end":{"line":42,"column":24}},"15":{"start":{"line":43,"column":0},"end":{"line":43,"column":48}},"16":{"start":{"line":44,"column":0},"end":{"line":44,"column":56}},"17":{"start":{"line":47,"column":0},"end":{"line":49,"column":3}},"18":{"start":{"line":48,"column":4},"end":{"line":48,"column":62}},"19":{"start":{"line":52,"column":0},"end":{"line":61,"column":3}},"20":{"start":{"line":53,"column":4},"end":{"line":60,"column":5}},"21":{"start":{"line":54,"column":21},"end":{"line":54,"column":38}},"22":{"start":{"line":55,"column":23},"end":{"line":55,"column":74}},"23":{"start":{"line":56,"column":8},"end":{"line":56,"column":35}},"24":{"start":{"line":58,"column":8},"end":{"line":58,"column":53}},"25":{"start":{"line":59,"column":8},"end":{"line":59,"column":70}},"26":{"start":{"line":64,"column":0},"end":{"line":90,"column":3}},"27":{"start":{"line":65,"column":96},"end":{"line":65,"column":104}},"28":{"start":{"line":66,"column":4},"end":{"line":89,"column":5}},"29":{"start":{"line":67,"column":21},"end":{"line":67,"column":38}},"30":{"start":{"line":68,"column":24},"end":{"line":68,"column":38}},"31":{"start":{"line":70,"column":8},"end":{"line":70,"column":50}},"32":{"start":{"line":71,"column":8},"end":{"line":71,"column":52}},"33":{"start":{"line":72,"column":8},"end":{"line":72,"column":52}},"34":{"start":{"line":73,"column":8},"end":{"line":73,"column":49}},"35":{"start":{"line":74,"column":8},"end":{"line":74,"column":63}},"36":{"start":{"line":75,"column":8},"end":{"line":75,"column":54}},"37":{"start":{"line":76,"column":8},"end":{"line":76,"column":62}},"38":{"start":{"line":77,"column":8},"end":{"line":77,"column":62}},"39":{"start":{"line":78,"column":8},"end":{"line":78,"column":51}},"40":{"start":{"line":80,"column":8},"end":{"line":83,"column":11}},"41":{"start":{"line":85,"column":8},"end":{"line":85,"column":75}},"42":{"start":{"line":87,"column":8},"end":{"line":87,"column":54}},"43":{"start":{"line":88,"column":8},"end":{"line":88,"column":70}},"44":{"start":{"line":91,"column":0},"end":{"line":128,"column":3}},"45":{"start":{"line":92,"column":19},"end":{"line":92,"column":29}},"46":{"start":{"line":93,"column":96},"end":{"line":93,"column":104}},"47":{"start":{"line":95,"column":4},"end":{"line":127,"column":5}},"48":{"start":{"line":96,"column":21},"end":{"line":96,"column":38}},"49":{"start":{"line":97,"column":24},"end":{"line":97,"column":38}},"50":{"start":{"line":100,"column":27},"end":{"line":100,"column":111}},"51":{"start":{"line":101,"column":8},"end":{"line":103,"column":9}},"52":{"start":{"line":102,"column":12},"end":{"line":102,"column":75}},"53":{"start":{"line":105,"column":8},"end":{"line":105,"column":50}},"54":{"start":{"line":106,"column":8},"end":{"line":106,"column":52}},"55":{"start":{"line":107,"column":8},"end":{"line":107,"column":52}},"56":{"start":{"line":108,"column":8},"end":{"line":108,"column":49}},"57":{"start":{"line":109,"column":8},"end":{"line":109,"column":63}},"58":{"start":{"line":110,"column":8},"end":{"line":110,"column":54}},"59":{"start":{"line":111,"column":8},"end":{"line":111,"column":62}},"60":{"start":{"line":112,"column":8},"end":{"line":112,"column":62}},"61":{"start":{"line":113,"column":8},"end":{"line":113,"column":51}},"62":{"start":{"line":115,"column":8},"end":{"line":121,"column":11}},"63":{"start":{"line":123,"column":8},"end":{"line":123,"column":66}},"64":{"start":{"line":125,"column":8},"end":{"line":125,"column":57}},"65":{"start":{"line":126,"column":8},"end":{"line":126,"column":73}},"66":{"start":{"line":129,"column":0},"end":{"line":148,"column":3}},"67":{"start":{"line":130,"column":19},"end":{"line":130,"column":29}},"68":{"start":{"line":132,"column":4},"end":{"line":147,"column":5}},"69":{"start":{"line":133,"column":21},"end":{"line":133,"column":38}},"70":{"start":{"line":134,"column":24},"end":{"line":134,"column":38}},"71":{"start":{"line":137,"column":27},"end":{"line":137,"column":111}},"72":{"start":{"line":138,"column":8},"end":{"line":140,"column":9}},"73":{"start":{"line":139,"column":12},"end":{"line":139,"column":75}},"74":{"start":{"line":142,"column":8},"end":{"line":142,"column":66}},"75":{"start":{"line":143,"column":8},"end":{"line":143,"column":64}},"76":{"start":{"line":145,"column":8},"end":{"line":145,"column":60}},"77":{"start":{"line":146,"column":8},"end":{"line":146,"column":71}},"78":{"start":{"line":152,"column":0},"end":{"line":154,"column":1}},"79":{"start":{"line":153,"column":4},"end":{"line":153,"column":85}},"80":{"start":{"line":153,"column":27},"end":{"line":153,"column":83}},"81":{"start":{"line":156,"column":0},"end":{"line":156,"column":21}}},"fnMap":{"0":{"name":"connectDB","decl":{"start":{"line":28,"column":15},"end":{"line":28,"column":24}},"loc":{"start":{"line":28,"column":27},"end":{"line":39,"column":1}},"line":28},"1":{"name":"(anonymous_1)","decl":{"start":{"line":47,"column":13},"end":{"line":47,"column":14}},"loc":{"start":{"line":47,"column":27},"end":{"line":49,"column":1}},"line":47},"2":{"name":"(anonymous_2)","decl":{"start":{"line":52,"column":20},"end":{"line":52,"column":21}},"loc":{"start":{"line":52,"column":40},"end":{"line":61,"column":1}},"line":52},"3":{"name":"(anonymous_3)","decl":{"start":{"line":64,"column":21},"end":{"line":64,"column":22}},"loc":{"start":{"line":64,"column":41},"end":{"line":90,"column":1}},"line":64},"4":{"name":"(anonymous_4)","decl":{"start":{"line":91,"column":24},"end":{"line":91,"column":25}},"loc":{"start":{"line":91,"column":44},"end":{"line":128,"column":1}},"line":91},"5":{"name":"(anonymous_5)","decl":{"start":{"line":129,"column":27},"end":{"line":129,"column":28}},"loc":{"start":{"line":129,"column":47},"end":{"line":148,"column":1}},"line":129},"6":{"name":"(anonymous_6)","decl":{"start":{"line":153,"column":21},"end":{"line":153,"column":22}},"loc":{"start":{"line":153,"column":27},"end":{"line":153,"column":83}},"line":153}},"branchMap":{"0":{"loc":{"start":{"line":7,"column":13},"end":{"line":7,"column":37}},"type":"binary-expr","locations":[{"start":{"line":7,"column":13},"end":{"line":7,"column":29}},{"start":{"line":7,"column":33},"end":{"line":7,"column":37}}],"line":7},"1":{"loc":{"start":{"line":30,"column":8},"end":{"line":34,"column":9}},"type":"if","locations":[{"start":{"line":30,"column":8},"end":{"line":34,"column":9}},{"start":{},"end":{}}],"line":30},"2":{"loc":{"start":{"line":78,"column":38},"end":{"line":78,"column":49}},"type":"cond-expr","locations":[{"start":{"line":78,"column":44},"end":{"line":78,"column":45}},{"start":{"line":78,"column":48},"end":{"line":78,"column":49}}],"line":78},"3":{"loc":{"start":{"line":101,"column":8},"end":{"line":103,"column":9}},"type":"if","locations":[{"start":{"line":101,"column":8},"end":{"line":103,"column":9}},{"start":{},"end":{}}],"line":101},"4":{"loc":{"start":{"line":113,"column":38},"end":{"line":113,"column":49}},"type":"cond-expr","locations":[{"start":{"line":113,"column":44},"end":{"line":113,"column":45}},{"start":{"line":113,"column":48},"end":{"line":113,"column":49}}],"line":113},"5":{"loc":{"start":{"line":138,"column":8},"end":{"line":140,"column":9}},"type":"if","locations":[{"start":{"line":138,"column":8},"end":{"line":140,"column":9}},{"start":{},"end":{}}],"line":138},"6":{"loc":{"start":{"line":152,"column":0},"end":{"line":154,"column":1}},"type":"if","locations":[{"start":{"line":152,"column":0},"end":{"line":154,"column":1}},{"start":{},"end":{}}],"line":152}},"s":{"0":1,"1":1,"2":1,"3":1,"4":1,"5":1,"6":1,"7":4,"8":4,"9":1,"10":1,"11":1,"12":4,"13":0,"14":1,"15":1,"16":1,"17":1,"18":0,"19":1,"20":1,"21":1,"22":1,"23":1,"24":0,"25":0,"26":1,"27":1,"28":1,"29":1,"30":1,"31":1,"32":1,"33":1,"34":1,"35":1,"36":1,"37":1,"38":1,"39":1,"40":1,"41":1,"42":0,"43":0,"44":1,"45":1,"46":1,"47":1,"48":1,"49":1,"50":1,"51":1,"52":0,"53":1,"54":1,"55":1,"56":1,"57":1,"58":1,"59":1,"60":1,"61":1,"62":1,"63":1,"64":0,"65":0,"66":1,"67":1,"68":1,"69":1,"70":1,"71":1,"72":1,"73":0,"74":1,"75":1,"76":0,"77":0,"78":1,"79":0,"80":0,"81":1},"f":{"0":4,"1":0,"2":1,"3":1,"4":1,"5":1,"6":0},"b":{"0":[1,0],"1":[1,3],"2":[0,1],"3":[0,1],"4":[1,0],"5":[0,1],"6":[0,1]},"_coverageSchema":"1a1c01bbd47fc00a2c39e90264f33305004495a9","hash":"e32474285517c278b37a2f76b0520b64a934f051"}
}
