TN:
SF:app.js
FN:28,connectDB
FN:47,(anonymous_1)
FN:52,(anonymous_2)
FN:64,(anonymous_3)
FN:91,(anonymous_4)
FN:129,(anonymous_5)
FN:153,(anonymous_6)
FNF:7
FNH:5
FNDA:4,connectDB
FNDA:0,(anonymous_1)
FNDA:1,(anonymous_2)
FNDA:1,(anonymous_3)
FNDA:1,(anonymous_4)
FNDA:1,(anonymous_5)
FNDA:0,(anonymous_6)
DA:1,1
DA:2,1
DA:3,1
DA:4,1
DA:6,1
DA:7,1
DA:10,1
DA:29,4
DA:30,4
DA:31,1
DA:32,1
DA:33,1
DA:35,4
DA:37,0
DA:42,1
DA:43,1
DA:44,1
DA:47,1
DA:48,0
DA:52,1
DA:53,1
DA:54,1
DA:55,1
DA:56,1
DA:58,0
DA:59,0
DA:64,1
DA:65,1
DA:66,1
DA:67,1
DA:68,1
DA:70,1
DA:71,1
DA:72,1
DA:73,1
DA:74,1
DA:75,1
DA:76,1
DA:77,1
DA:78,1
DA:80,1
DA:85,1
DA:87,0
DA:88,0
DA:91,1
DA:92,1
DA:93,1
DA:95,1
DA:96,1
DA:97,1
DA:100,1
DA:101,1
DA:102,0
DA:105,1
DA:106,1
DA:107,1
DA:108,1
DA:109,1
DA:110,1
DA:111,1
DA:112,1
DA:113,1
DA:115,1
DA:123,1
DA:125,0
DA:126,0
DA:129,1
DA:130,1
DA:132,1
DA:133,1
DA:134,1
DA:137,1
DA:138,1
DA:139,0
DA:142,1
DA:143,1
DA:145,0
DA:146,0
DA:152,1
DA:153,0
DA:156,1
LF:81
LH:68
BRDA:7,0,0,1
BRDA:7,0,1,0
BRDA:30,1,0,1
BRDA:30,1,1,3
BRDA:78,2,0,0
BRDA:78,2,1,1
BRDA:101,3,0,0
BRDA:101,3,1,1
BRDA:113,4,0,1
BRDA:113,4,1,0
BRDA:138,5,0,0
BRDA:138,5,1,1
BRDA:152,6,0,0
BRDA:152,6,1,1
BRF:14
BRH:8
end_of_record
